mode: set
github.com/Chandanaschandu/training/main.go:7.26,8.22 1 0
github.com/Chandanaschandu/training/main.go:8.22,10.3 1 0
github.com/Chandanaschandu/training/main.go:10.8,10.29 1 0
github.com/Chandanaschandu/training/main.go:10.29,12.3 1 0
github.com/Chandanaschandu/training/main.go:12.8,12.33 1 0
github.com/Chandanaschandu/training/main.go:12.33,14.3 1 0
github.com/Chandanaschandu/training/main.go:16.2,16.34 1 0
github.com/Chandanaschandu/training/main.go:16.34,17.29 1 0
github.com/Chandanaschandu/training/main.go:17.29,19.4 1 0
github.com/Chandanaschandu/training/main.go:22.2,22.13 1 0
github.com/Chandanaschandu/training/main.go:25.13,32.2 4 0
