mode: set
github.com/Chandanaschandu/Methods/calculatorMethods/calculator.go:10.47,12.2 1 1
github.com/Chandanaschandu/Methods/calculatorMethods/calculator.go:13.47,16.2 1 1
github.com/Chandanaschandu/Methods/calculatorMethods/calculator.go:17.47,19.2 1 1
github.com/Chandanaschandu/Methods/calculatorMethods/calculator.go:20.47,21.12 1 1
github.com/Chandanaschandu/Methods/calculatorMethods/calculator.go:21.12,24.3 2 0
github.com/Chandanaschandu/Methods/calculatorMethods/calculator.go:25.2,25.14 1 1
